2026-01-04T11:37:22.800+05:30  INFO 1320 --- [main] c.n.e.ExpenseTrackerApplication          : Starting ExpenseTrackerApplication using Java 17.0.12 with PID 1320 (D:\expense-tracker\target\classes started by admin in D:\expense-tracker)
2026-01-04T11:37:22.807+05:30  INFO 1320 --- [main] c.n.e.ExpenseTrackerApplication          : No active profile set, falling back to 1 default profile: "default"
2026-01-04T11:37:24.266+05:30  INFO 1320 --- [main] .s.d.r.c.RepositoryConfigurationDelegate : Bootstrapping Spring Data JPA repositories in DEFAULT mode.
2026-01-04T11:37:24.386+05:30  INFO 1320 --- [main] .s.d.r.c.RepositoryConfigurationDelegate : Finished Spring Data repository scanning in 99 ms. Found 2 JPA repository interfaces.
2026-01-04T11:37:25.650+05:30  INFO 1320 --- [main] o.s.b.w.embedded.tomcat.TomcatWebServer  : Tomcat initialized with port 8080 (http)
2026-01-04T11:37:25.681+05:30  INFO 1320 --- [main] o.apache.catalina.core.StandardService   : Starting service [Tomcat]
2026-01-04T11:37:25.681+05:30  INFO 1320 --- [main] o.apache.catalina.core.StandardEngine    : Starting Servlet engine: [Apache Tomcat/10.1.49]
2026-01-04T11:37:25.762+05:30  INFO 1320 --- [main] o.a.c.c.C.[Tomcat].[localhost].[/]       : Initializing Spring embedded WebApplicationContext
2026-01-04T11:37:25.778+05:30  INFO 1320 --- [main] w.s.c.ServletWebServerApplicationContext : Root WebApplicationContext: initialization completed in 2897 ms
2026-01-04T11:37:26.386+05:30  INFO 1320 --- [main] o.hibernate.jpa.internal.util.LogHelper  : HHH000204: Processing PersistenceUnitInfo [name: default]
2026-01-04T11:37:26.495+05:30  INFO 1320 --- [main] org.hibernate.Version                    : HHH000412: Hibernate ORM core version 6.6.36.Final
2026-01-04T11:37:26.573+05:30  INFO 1320 --- [main] o.h.c.internal.RegionFactoryInitiator    : HHH000026: Second-level cache disabled
2026-01-04T11:37:27.088+05:30  INFO 1320 --- [main] o.s.o.j.p.SpringPersistenceUnitInfo      : No LoadTimeWeaver setup: ignoring JPA class transformer
2026-01-04T11:37:27.134+05:30  INFO 1320 --- [main] com.zaxxer.hikari.HikariDataSource       : HikariPool-1 - Starting...
2026-01-04T11:37:27.979+05:30  INFO 1320 --- [main] com.zaxxer.hikari.pool.HikariPool        : HikariPool-1 - Added connection com.mysql.cj.jdbc.ConnectionImpl@5fe3b058
2026-01-04T11:37:27.979+05:30  INFO 1320 --- [main] com.zaxxer.hikari.HikariDataSource       : HikariPool-1 - Start completed.
2026-01-04T11:37:28.041+05:30  WARN 1320 --- [main] org.hibernate.dialect.Dialect            : HHH000511: The 5.7.44 version for [org.hibernate.dialect.MySQLDialect] is no longer supported, hence certain features may not work properly. The minimum supported version is 8.0.0. Check the community dialects project for available legacy versions.
2026-01-04T11:37:28.057+05:30  WARN 1320 --- [main] org.hibernate.orm.deprecation            : HHH90000025: MySQLDialect does not need to be specified explicitly using 'hibernate.dialect' (remove the property setting and it will be selected by default)
2026-01-04T11:37:28.104+05:30  INFO 1320 --- [main] org.hibernate.orm.connections.pooling    : HHH10001005: Database info:
	Database JDBC URL [Connecting through datasource 'HikariDataSource (HikariPool-1)']
	Database driver: undefined/unknown
	Database version: 5.7.44
	Autocommit mode: undefined/unknown
	Isolation level: undefined/unknown
	Minimum pool size: undefined/unknown
	Maximum pool size: undefined/unknown
2026-01-04T11:37:30.135+05:30  INFO 1320 --- [main] o.h.e.t.j.p.i.JtaPlatformInitiator       : HHH000489: No JTA platform available (set 'hibernate.transaction.jta.platform' to enable JTA platform integration)
2026-01-04T11:37:30.339+05:30  INFO 1320 --- [main] j.LocalContainerEntityManagerFactoryBean : Initialized JPA EntityManagerFactory for persistence unit 'default'
2026-01-04T11:37:31.021+05:30  INFO 1320 --- [main] r$InitializeUserDetailsManagerConfigurer : Global AuthenticationManager configured with UserDetailsService bean with name customUserDetailsService
2026-01-04T11:37:31.231+05:30  WARN 1320 --- [main] JpaBaseConfiguration$JpaWebConfiguration : spring.jpa.open-in-view is enabled by default. Therefore, database queries may be performed during view rendering. Explicitly configure spring.jpa.open-in-view to disable this warning
2026-01-04T11:37:32.660+05:30  INFO 1320 --- [main] o.s.b.w.embedded.tomcat.TomcatWebServer  : Tomcat started on port 8080 (http) with context path '/'
2026-01-04T11:37:32.660+05:30  INFO 1320 --- [main] c.n.e.ExpenseTrackerApplication          : Started ExpenseTrackerApplication in 10.761 seconds (process running for 11.475)
2026-01-04T11:37:53.903+05:30  INFO 1320 --- [http-nio-8080-exec-1] o.a.c.c.C.[Tomcat].[localhost].[/]       : Initializing Spring DispatcherServlet 'dispatcherServlet'
2026-01-04T11:37:53.903+05:30  INFO 1320 --- [http-nio-8080-exec-1] o.s.web.servlet.DispatcherServlet        : Initializing Servlet 'dispatcherServlet'
2026-01-04T11:37:53.904+05:30  INFO 1320 --- [http-nio-8080-exec-1] o.s.web.servlet.DispatcherServlet        : Completed initialization in 1 ms
2026-01-04T11:41:16.473+05:30  INFO 1320 --- [http-nio-8080-exec-8] c.n.e.aspect.LoggingAspect               : Entering AuthController.login(..)
2026-01-04T11:41:16.936+05:30  INFO 1320 --- [http-nio-8080-exec-8] c.n.e.aspect.LoggingAspect               : Exiting AuthController.login(..) successfully
2026-01-04T11:41:16.936+05:30  INFO 1320 --- [http-nio-8080-exec-8] c.n.e.aspect.LoggingAspect               : AuthController.login(..) executed in 465 ms
2026-01-04T11:41:55.168+05:30  INFO 1320 --- [http-nio-8080-exec-9] c.n.e.aspect.LoggingAspect               : Entering TestController.threadInfo()
2026-01-04T11:41:55.168+05:30  INFO 1320 --- [http-nio-8080-exec-9] c.n.e.aspect.LoggingAspect               : Exiting TestController.threadInfo() successfully
2026-01-04T11:41:55.169+05:30  INFO 1320 --- [http-nio-8080-exec-9] c.n.e.aspect.LoggingAspect               : TestController.threadInfo() executed in 1 ms
2026-01-04T11:41:58.176+05:30  INFO 1320 --- [http-nio-8080-exec-10] c.n.e.aspect.LoggingAspect               : Entering TestController.threadInfo()
2026-01-04T11:41:58.177+05:30  INFO 1320 --- [http-nio-8080-exec-10] c.n.e.aspect.LoggingAspect               : Exiting TestController.threadInfo() successfully
2026-01-04T11:41:58.177+05:30  INFO 1320 --- [http-nio-8080-exec-10] c.n.e.aspect.LoggingAspect               : TestController.threadInfo() executed in 1 ms
2026-01-04T11:42:00.143+05:30  INFO 1320 --- [http-nio-8080-exec-2] c.n.e.aspect.LoggingAspect               : Entering TestController.threadInfo()
2026-01-04T11:42:00.144+05:30  INFO 1320 --- [http-nio-8080-exec-2] c.n.e.aspect.LoggingAspect               : Exiting TestController.threadInfo() successfully
2026-01-04T11:42:00.144+05:30  INFO 1320 --- [http-nio-8080-exec-2] c.n.e.aspect.LoggingAspect               : TestController.threadInfo() executed in 1 ms
2026-01-04T11:42:01.279+05:30  INFO 1320 --- [http-nio-8080-exec-1] c.n.e.aspect.LoggingAspect               : Entering TestController.threadInfo()
2026-01-04T11:42:01.280+05:30  INFO 1320 --- [http-nio-8080-exec-1] c.n.e.aspect.LoggingAspect               : Exiting TestController.threadInfo() successfully
2026-01-04T11:42:01.280+05:30  INFO 1320 --- [http-nio-8080-exec-1] c.n.e.aspect.LoggingAspect               : TestController.threadInfo() executed in 1 ms
2026-01-04T11:42:02.185+05:30  INFO 1320 --- [http-nio-8080-exec-3] c.n.e.aspect.LoggingAspect               : Entering TestController.threadInfo()
2026-01-04T11:42:02.185+05:30  INFO 1320 --- [http-nio-8080-exec-3] c.n.e.aspect.LoggingAspect               : Exiting TestController.threadInfo() successfully
2026-01-04T11:42:02.185+05:30  INFO 1320 --- [http-nio-8080-exec-3] c.n.e.aspect.LoggingAspect               : TestController.threadInfo() executed in 0 ms
2026-01-04T11:42:03.105+05:30  INFO 1320 --- [http-nio-8080-exec-4] c.n.e.aspect.LoggingAspect               : Entering TestController.threadInfo()
2026-01-04T11:42:03.105+05:30  INFO 1320 --- [http-nio-8080-exec-4] c.n.e.aspect.LoggingAspect               : Exiting TestController.threadInfo() successfully
2026-01-04T11:42:03.105+05:30  INFO 1320 --- [http-nio-8080-exec-4] c.n.e.aspect.LoggingAspect               : TestController.threadInfo() executed in 0 ms
2026-01-04T11:42:03.988+05:30  INFO 1320 --- [http-nio-8080-exec-5] c.n.e.aspect.LoggingAspect               : Entering TestController.threadInfo()
2026-01-04T11:42:03.988+05:30  INFO 1320 --- [http-nio-8080-exec-5] c.n.e.aspect.LoggingAspect               : Exiting TestController.threadInfo() successfully
2026-01-04T11:42:03.989+05:30  INFO 1320 --- [http-nio-8080-exec-5] c.n.e.aspect.LoggingAspect               : TestController.threadInfo() executed in 1 ms
2026-01-04T11:42:04.898+05:30  INFO 1320 --- [http-nio-8080-exec-6] c.n.e.aspect.LoggingAspect               : Entering TestController.threadInfo()
2026-01-04T11:42:04.899+05:30  INFO 1320 --- [http-nio-8080-exec-6] c.n.e.aspect.LoggingAspect               : Exiting TestController.threadInfo() successfully
2026-01-04T11:42:04.899+05:30  INFO 1320 --- [http-nio-8080-exec-6] c.n.e.aspect.LoggingAspect               : TestController.threadInfo() executed in 1 ms
2026-01-04T11:42:05.811+05:30  INFO 1320 --- [http-nio-8080-exec-7] c.n.e.aspect.LoggingAspect               : Entering TestController.threadInfo()
2026-01-04T11:42:05.811+05:30  INFO 1320 --- [http-nio-8080-exec-7] c.n.e.aspect.LoggingAspect               : Exiting TestController.threadInfo() successfully
2026-01-04T11:42:05.811+05:30  INFO 1320 --- [http-nio-8080-exec-7] c.n.e.aspect.LoggingAspect               : TestController.threadInfo() executed in 0 ms
2026-01-04T11:42:06.671+05:30  INFO 1320 --- [http-nio-8080-exec-8] c.n.e.aspect.LoggingAspect               : Entering TestController.threadInfo()
2026-01-04T11:42:06.671+05:30  INFO 1320 --- [http-nio-8080-exec-8] c.n.e.aspect.LoggingAspect               : Exiting TestController.threadInfo() successfully
2026-01-04T11:42:06.671+05:30  INFO 1320 --- [http-nio-8080-exec-8] c.n.e.aspect.LoggingAspect               : TestController.threadInfo() executed in 0 ms
2026-01-04T11:42:07.733+05:30  INFO 1320 --- [http-nio-8080-exec-9] c.n.e.aspect.LoggingAspect               : Entering TestController.threadInfo()
2026-01-04T11:42:07.733+05:30  INFO 1320 --- [http-nio-8080-exec-9] c.n.e.aspect.LoggingAspect               : Exiting TestController.threadInfo() successfully
2026-01-04T11:42:07.733+05:30  INFO 1320 --- [http-nio-8080-exec-9] c.n.e.aspect.LoggingAspect               : TestController.threadInfo() executed in 0 ms
2026-01-04T11:42:08.559+05:30  INFO 1320 --- [http-nio-8080-exec-10] c.n.e.aspect.LoggingAspect               : Entering TestController.threadInfo()
2026-01-04T11:42:08.559+05:30  INFO 1320 --- [http-nio-8080-exec-10] c.n.e.aspect.LoggingAspect               : Exiting TestController.threadInfo() successfully
2026-01-04T11:42:08.559+05:30  INFO 1320 --- [http-nio-8080-exec-10] c.n.e.aspect.LoggingAspect               : TestController.threadInfo() executed in 0 ms
2026-01-04T11:42:10.615+05:30  INFO 1320 --- [http-nio-8080-exec-2] c.n.e.aspect.LoggingAspect               : Entering TestController.threadInfo()
2026-01-04T11:42:10.615+05:30  INFO 1320 --- [http-nio-8080-exec-2] c.n.e.aspect.LoggingAspect               : Exiting TestController.threadInfo() successfully
2026-01-04T11:42:10.616+05:30  INFO 1320 --- [http-nio-8080-exec-2] c.n.e.aspect.LoggingAspect               : TestController.threadInfo() executed in 1 ms
2026-01-04T11:42:15.888+05:30  INFO 1320 --- [http-nio-8080-exec-1] c.n.e.aspect.LoggingAspect               : Entering TestController.threadInfo()
2026-01-04T11:42:15.889+05:30  INFO 1320 --- [http-nio-8080-exec-1] c.n.e.aspect.LoggingAspect               : Exiting TestController.threadInfo() successfully
2026-01-04T11:42:15.889+05:30  INFO 1320 --- [http-nio-8080-exec-1] c.n.e.aspect.LoggingAspect               : TestController.threadInfo() executed in 1 ms
2026-01-04T11:42:16.997+05:30  INFO 1320 --- [http-nio-8080-exec-3] c.n.e.aspect.LoggingAspect               : Entering TestController.threadInfo()
2026-01-04T11:42:16.997+05:30  INFO 1320 --- [http-nio-8080-exec-3] c.n.e.aspect.LoggingAspect               : Exiting TestController.threadInfo() successfully
2026-01-04T11:42:16.997+05:30  INFO 1320 --- [http-nio-8080-exec-3] c.n.e.aspect.LoggingAspect               : TestController.threadInfo() executed in 0 ms
2026-01-04T11:42:17.980+05:30  INFO 1320 --- [http-nio-8080-exec-4] c.n.e.aspect.LoggingAspect               : Entering TestController.threadInfo()
2026-01-04T11:42:17.981+05:30  INFO 1320 --- [http-nio-8080-exec-4] c.n.e.aspect.LoggingAspect               : Exiting TestController.threadInfo() successfully
2026-01-04T11:42:17.981+05:30  INFO 1320 --- [http-nio-8080-exec-4] c.n.e.aspect.LoggingAspect               : TestController.threadInfo() executed in 1 ms
2026-01-04T11:42:18.915+05:30  INFO 1320 --- [http-nio-8080-exec-5] c.n.e.aspect.LoggingAspect               : Entering TestController.threadInfo()
2026-01-04T11:42:18.915+05:30  INFO 1320 --- [http-nio-8080-exec-5] c.n.e.aspect.LoggingAspect               : Exiting TestController.threadInfo() successfully
2026-01-04T11:42:18.916+05:30  INFO 1320 --- [http-nio-8080-exec-5] c.n.e.aspect.LoggingAspect               : TestController.threadInfo() executed in 1 ms
2026-01-04T11:42:19.840+05:30  INFO 1320 --- [http-nio-8080-exec-6] c.n.e.aspect.LoggingAspect               : Entering TestController.threadInfo()
2026-01-04T11:42:19.840+05:30  INFO 1320 --- [http-nio-8080-exec-6] c.n.e.aspect.LoggingAspect               : Exiting TestController.threadInfo() successfully
2026-01-04T11:42:19.840+05:30  INFO 1320 --- [http-nio-8080-exec-6] c.n.e.aspect.LoggingAspect               : TestController.threadInfo() executed in 0 ms
2026-01-04T11:42:20.617+05:30  INFO 1320 --- [http-nio-8080-exec-7] c.n.e.aspect.LoggingAspect               : Entering TestController.threadInfo()
2026-01-04T11:42:20.617+05:30  INFO 1320 --- [http-nio-8080-exec-7] c.n.e.aspect.LoggingAspect               : Exiting TestController.threadInfo() successfully
2026-01-04T11:42:20.617+05:30  INFO 1320 --- [http-nio-8080-exec-7] c.n.e.aspect.LoggingAspect               : TestController.threadInfo() executed in 0 ms
2026-01-04T11:42:21.495+05:30  INFO 1320 --- [http-nio-8080-exec-8] c.n.e.aspect.LoggingAspect               : Entering TestController.threadInfo()
2026-01-04T11:42:21.496+05:30  INFO 1320 --- [http-nio-8080-exec-8] c.n.e.aspect.LoggingAspect               : Exiting TestController.threadInfo() successfully
2026-01-04T11:42:21.496+05:30  INFO 1320 --- [http-nio-8080-exec-8] c.n.e.aspect.LoggingAspect               : TestController.threadInfo() executed in 1 ms
2026-01-04T11:42:22.250+05:30  INFO 1320 --- [http-nio-8080-exec-9] c.n.e.aspect.LoggingAspect               : Entering TestController.threadInfo()
2026-01-04T11:42:22.251+05:30  INFO 1320 --- [http-nio-8080-exec-9] c.n.e.aspect.LoggingAspect               : Exiting TestController.threadInfo() successfully
2026-01-04T11:42:22.251+05:30  INFO 1320 --- [http-nio-8080-exec-9] c.n.e.aspect.LoggingAspect               : TestController.threadInfo() executed in 1 ms
2026-01-04T11:42:24.446+05:30  INFO 1320 --- [http-nio-8080-exec-10] c.n.e.aspect.LoggingAspect               : Entering TestController.threadInfo()
2026-01-04T11:42:24.446+05:30  INFO 1320 --- [http-nio-8080-exec-10] c.n.e.aspect.LoggingAspect               : Exiting TestController.threadInfo() successfully
2026-01-04T11:42:24.446+05:30  INFO 1320 --- [http-nio-8080-exec-10] c.n.e.aspect.LoggingAspect               : TestController.threadInfo() executed in 0 ms
2026-01-04T11:42:25.602+05:30  INFO 1320 --- [http-nio-8080-exec-2] c.n.e.aspect.LoggingAspect               : Entering TestController.threadInfo()
2026-01-04T11:42:25.602+05:30  INFO 1320 --- [http-nio-8080-exec-2] c.n.e.aspect.LoggingAspect               : Exiting TestController.threadInfo() successfully
2026-01-04T11:42:25.602+05:30  INFO 1320 --- [http-nio-8080-exec-2] c.n.e.aspect.LoggingAspect               : TestController.threadInfo() executed in 0 ms
2026-01-04T11:42:26.825+05:30  INFO 1320 --- [http-nio-8080-exec-1] c.n.e.aspect.LoggingAspect               : Entering TestController.threadInfo()
2026-01-04T11:42:26.825+05:30  INFO 1320 --- [http-nio-8080-exec-1] c.n.e.aspect.LoggingAspect               : Exiting TestController.threadInfo() successfully
2026-01-04T11:42:26.825+05:30  INFO 1320 --- [http-nio-8080-exec-1] c.n.e.aspect.LoggingAspect               : TestController.threadInfo() executed in 0 ms
2026-01-04T11:42:27.814+05:30  INFO 1320 --- [http-nio-8080-exec-3] c.n.e.aspect.LoggingAspect               : Entering TestController.threadInfo()
2026-01-04T11:42:27.814+05:30  INFO 1320 --- [http-nio-8080-exec-3] c.n.e.aspect.LoggingAspect               : Exiting TestController.threadInfo() successfully
2026-01-04T11:42:27.815+05:30  INFO 1320 --- [http-nio-8080-exec-3] c.n.e.aspect.LoggingAspect               : TestController.threadInfo() executed in 1 ms
2026-01-04T11:42:28.669+05:30  INFO 1320 --- [http-nio-8080-exec-4] c.n.e.aspect.LoggingAspect               : Entering TestController.threadInfo()
2026-01-04T11:42:28.669+05:30  INFO 1320 --- [http-nio-8080-exec-4] c.n.e.aspect.LoggingAspect               : Exiting TestController.threadInfo() successfully
2026-01-04T11:42:28.669+05:30  INFO 1320 --- [http-nio-8080-exec-4] c.n.e.aspect.LoggingAspect               : TestController.threadInfo() executed in 0 ms
2026-01-04T11:42:29.594+05:30  INFO 1320 --- [http-nio-8080-exec-5] c.n.e.aspect.LoggingAspect               : Entering TestController.threadInfo()
2026-01-04T11:42:29.594+05:30  INFO 1320 --- [http-nio-8080-exec-5] c.n.e.aspect.LoggingAspect               : Exiting TestController.threadInfo() successfully
2026-01-04T11:42:29.595+05:30  INFO 1320 --- [http-nio-8080-exec-5] c.n.e.aspect.LoggingAspect               : TestController.threadInfo() executed in 1 ms
2026-01-04T11:45:02.240+05:30  INFO 1320 --- [SpringApplicationShutdownHook] o.s.b.w.e.tomcat.GracefulShutdown        : Commencing graceful shutdown. Waiting for active requests to complete
2026-01-04T11:45:02.323+05:30  INFO 1320 --- [tomcat-shutdown] o.s.b.w.e.tomcat.GracefulShutdown        : Graceful shutdown complete
2026-01-04T11:45:02.343+05:30  INFO 1320 --- [SpringApplicationShutdownHook] j.LocalContainerEntityManagerFactoryBean : Closing JPA EntityManagerFactory for persistence unit 'default'
2026-01-04T11:45:02.346+05:30  INFO 1320 --- [SpringApplicationShutdownHook] com.zaxxer.hikari.HikariDataSource       : HikariPool-1 - Shutdown initiated...
2026-01-04T11:45:02.355+05:30  INFO 1320 --- [SpringApplicationShutdownHook] com.zaxxer.hikari.HikariDataSource       : HikariPool-1 - Shutdown completed.
2026-01-04T11:45:14.076+05:30  INFO 7248 --- [main] c.n.e.ExpenseTrackerApplication          : Starting ExpenseTrackerApplication using Java 17.0.12 with PID 7248 (D:\expense-tracker\target\classes started by admin in D:\expense-tracker)
2026-01-04T11:45:14.080+05:30  INFO 7248 --- [main] c.n.e.ExpenseTrackerApplication          : No active profile set, falling back to 1 default profile: "default"
2026-01-04T11:45:15.253+05:30  INFO 7248 --- [main] .s.d.r.c.RepositoryConfigurationDelegate : Bootstrapping Spring Data JPA repositories in DEFAULT mode.
2026-01-04T11:45:15.347+05:30  INFO 7248 --- [main] .s.d.r.c.RepositoryConfigurationDelegate : Finished Spring Data repository scanning in 81 ms. Found 2 JPA repository interfaces.
2026-01-04T11:45:16.419+05:30  INFO 7248 --- [main] o.s.b.w.embedded.tomcat.TomcatWebServer  : Tomcat initialized with port 8080 (http)
2026-01-04T11:45:16.440+05:30  INFO 7248 --- [main] o.apache.catalina.core.StandardService   : Starting service [Tomcat]
2026-01-04T11:45:16.440+05:30  INFO 7248 --- [main] o.apache.catalina.core.StandardEngine    : Starting Servlet engine: [Apache Tomcat/10.1.49]
2026-01-04T11:45:16.529+05:30  INFO 7248 --- [main] o.a.c.c.C.[Tomcat].[localhost].[/]       : Initializing Spring embedded WebApplicationContext
2026-01-04T11:45:16.530+05:30  INFO 7248 --- [main] w.s.c.ServletWebServerApplicationContext : Root WebApplicationContext: initialization completed in 2379 ms
2026-01-04T11:45:16.836+05:30  INFO 7248 --- [main] o.hibernate.jpa.internal.util.LogHelper  : HHH000204: Processing PersistenceUnitInfo [name: default]
2026-01-04T11:45:16.924+05:30  INFO 7248 --- [main] org.hibernate.Version                    : HHH000412: Hibernate ORM core version 6.6.36.Final
2026-01-04T11:45:16.988+05:30  INFO 7248 --- [main] o.h.c.internal.RegionFactoryInitiator    : HHH000026: Second-level cache disabled
2026-01-04T11:45:17.635+05:30  INFO 7248 --- [main] o.s.o.j.p.SpringPersistenceUnitInfo      : No LoadTimeWeaver setup: ignoring JPA class transformer
2026-01-04T11:45:17.674+05:30  INFO 7248 --- [main] com.zaxxer.hikari.HikariDataSource       : HikariPool-1 - Starting...
2026-01-04T11:45:18.123+05:30  INFO 7248 --- [main] com.zaxxer.hikari.pool.HikariPool        : HikariPool-1 - Added connection com.mysql.cj.jdbc.ConnectionImpl@2047adea
2026-01-04T11:45:18.126+05:30  INFO 7248 --- [main] com.zaxxer.hikari.HikariDataSource       : HikariPool-1 - Start completed.
2026-01-04T11:45:18.216+05:30  WARN 7248 --- [main] org.hibernate.dialect.Dialect            : HHH000511: The 5.7.44 version for [org.hibernate.dialect.MySQLDialect] is no longer supported, hence certain features may not work properly. The minimum supported version is 8.0.0. Check the community dialects project for available legacy versions.
2026-01-04T11:45:18.222+05:30  WARN 7248 --- [main] org.hibernate.orm.deprecation            : HHH90000025: MySQLDialect does not need to be specified explicitly using 'hibernate.dialect' (remove the property setting and it will be selected by default)
2026-01-04T11:45:18.256+05:30  INFO 7248 --- [main] org.hibernate.orm.connections.pooling    : HHH10001005: Database info:
	Database JDBC URL [Connecting through datasource 'HikariDataSource (HikariPool-1)']
	Database driver: undefined/unknown
	Database version: 5.7.44
	Autocommit mode: undefined/unknown
	Isolation level: undefined/unknown
	Minimum pool size: undefined/unknown
	Maximum pool size: undefined/unknown
2026-01-04T11:45:19.464+05:30  INFO 7248 --- [main] o.h.e.t.j.p.i.JtaPlatformInitiator       : HHH000489: No JTA platform available (set 'hibernate.transaction.jta.platform' to enable JTA platform integration)
2026-01-04T11:45:19.534+05:30  INFO 7248 --- [main] j.LocalContainerEntityManagerFactoryBean : Initialized JPA EntityManagerFactory for persistence unit 'default'
2026-01-04T11:45:20.247+05:30  INFO 7248 --- [main] r$InitializeUserDetailsManagerConfigurer : Global AuthenticationManager configured with UserDetailsService bean with name customUserDetailsService
2026-01-04T11:45:20.443+05:30  WARN 7248 --- [main] JpaBaseConfiguration$JpaWebConfiguration : spring.jpa.open-in-view is enabled by default. Therefore, database queries may be performed during view rendering. Explicitly configure spring.jpa.open-in-view to disable this warning
2026-01-04T11:45:20.583+05:30  WARN 7248 --- [main] ConfigServletWebServerApplicationContext : Exception encountered during context initialization - cancelling refresh attempt: org.springframework.beans.factory.BeanCreationException: Error creating bean with name 'org.springframework.security.config.annotation.web.configuration.WebSecurityConfiguration': Injection of autowired dependencies failed
2026-01-04T11:45:20.584+05:30  INFO 7248 --- [main] j.LocalContainerEntityManagerFactoryBean : Closing JPA EntityManagerFactory for persistence unit 'default'
2026-01-04T11:45:20.589+05:30  INFO 7248 --- [main] com.zaxxer.hikari.HikariDataSource       : HikariPool-1 - Shutdown initiated...
2026-01-04T11:45:20.598+05:30  INFO 7248 --- [main] com.zaxxer.hikari.HikariDataSource       : HikariPool-1 - Shutdown completed.
2026-01-04T11:45:20.601+05:30  INFO 7248 --- [main] o.apache.catalina.core.StandardService   : Stopping service [Tomcat]
2026-01-04T11:45:20.614+05:30  INFO 7248 --- [main] .s.b.a.l.ConditionEvaluationReportLogger : 

Error starting ApplicationContext. To display the condition evaluation report re-run your application with 'debug' enabled.
2026-01-04T11:45:20.639+05:30 ERROR 7248 --- [main] o.s.boot.SpringApplication               : Application run failed

org.springframework.beans.factory.BeanCreationException: Error creating bean with name 'org.springframework.security.config.annotation.web.configuration.WebSecurityConfiguration': Injection of autowired dependencies failed
	at org.springframework.beans.factory.annotation.AutowiredAnnotationBeanPostProcessor.postProcessProperties(AutowiredAnnotationBeanPostProcessor.java:515) ~[spring-beans-6.2.14.jar:6.2.14]
	at org.springframework.beans.factory.support.AbstractAutowireCapableBeanFactory.populateBean(AbstractAutowireCapableBeanFactory.java:1459) ~[spring-beans-6.2.14.jar:6.2.14]
	at org.springframework.beans.factory.support.AbstractAutowireCapableBeanFactory.doCreateBean(AbstractAutowireCapableBeanFactory.java:606) ~[spring-beans-6.2.14.jar:6.2.14]
	at org.springframework.beans.factory.support.AbstractAutowireCapableBeanFactory.createBean(AbstractAutowireCapableBeanFactory.java:529) ~[spring-beans-6.2.14.jar:6.2.14]
	at org.springframework.beans.factory.support.AbstractBeanFactory.lambda$doGetBean$0(AbstractBeanFactory.java:339) ~[spring-beans-6.2.14.jar:6.2.14]
	at org.springframework.beans.factory.support.DefaultSingletonBeanRegistry.getSingleton(DefaultSingletonBeanRegistry.java:373) ~[spring-beans-6.2.14.jar:6.2.14]
	at org.springframework.beans.factory.support.AbstractBeanFactory.doGetBean(AbstractBeanFactory.java:337) ~[spring-beans-6.2.14.jar:6.2.14]
	at org.springframework.beans.factory.support.AbstractBeanFactory.getBean(AbstractBeanFactory.java:202) ~[spring-beans-6.2.14.jar:6.2.14]
	at org.springframework.beans.factory.support.DefaultListableBeanFactory.instantiateSingleton(DefaultListableBeanFactory.java:1228) ~[spring-beans-6.2.14.jar:6.2.14]
	at org.springframework.beans.factory.support.DefaultListableBeanFactory.preInstantiateSingleton(DefaultListableBeanFactory.java:1194) ~[spring-beans-6.2.14.jar:6.2.14]
	at org.springframework.beans.factory.support.DefaultListableBeanFactory.preInstantiateSingletons(DefaultListableBeanFactory.java:1130) ~[spring-beans-6.2.14.jar:6.2.14]
	at org.springframework.context.support.AbstractApplicationContext.finishBeanFactoryInitialization(AbstractApplicationContext.java:990) ~[spring-context-6.2.14.jar:6.2.14]
	at org.springframework.context.support.AbstractApplicationContext.refresh(AbstractApplicationContext.java:627) ~[spring-context-6.2.14.jar:6.2.14]
	at org.springframework.boot.web.servlet.context.ServletWebServerApplicationContext.refresh(ServletWebServerApplicationContext.java:146) ~[spring-boot-3.5.8.jar:3.5.8]
	at org.springframework.boot.SpringApplication.refresh(SpringApplication.java:752) ~[spring-boot-3.5.8.jar:3.5.8]
	at org.springframework.boot.SpringApplication.refreshContext(SpringApplication.java:439) ~[spring-boot-3.5.8.jar:3.5.8]
	at org.springframework.boot.SpringApplication.run(SpringApplication.java:318) ~[spring-boot-3.5.8.jar:3.5.8]
	at org.springframework.boot.SpringApplication.run(SpringApplication.java:1361) ~[spring-boot-3.5.8.jar:3.5.8]
	at org.springframework.boot.SpringApplication.run(SpringApplication.java:1350) ~[spring-boot-3.5.8.jar:3.5.8]
	at com.nkoder.expense_tracker.ExpenseTrackerApplication.main(ExpenseTrackerApplication.java:11) ~[classes/:na]
Caused by: java.lang.RuntimeException: Could not postProcess org.springframework.security.config.annotation.web.builders.WebSecurity@5f662dd of type class org.springframework.security.config.annotation.web.builders.WebSecurity
	at org.springframework.security.config.annotation.configuration.AutowireBeanFactoryObjectPostProcessor.postProcess(AutowireBeanFactoryObjectPostProcessor.java:71) ~[spring-security-config-6.5.7.jar:6.5.7]
	at org.springframework.security.config.annotation.web.configuration.WebSecurityConfiguration.setFilterChainProxySecurityConfigurer(WebSecurityConfiguration.java:159) ~[spring-security-config-6.5.7.jar:6.5.7]
	at java.base/jdk.internal.reflect.NativeMethodAccessorImpl.invoke0(Native Method) ~[na:na]
	at java.base/jdk.internal.reflect.NativeMethodAccessorImpl.invoke(NativeMethodAccessorImpl.java:77) ~[na:na]
	at java.base/jdk.internal.reflect.DelegatingMethodAccessorImpl.invoke(DelegatingMethodAccessorImpl.java:43) ~[na:na]
	at java.base/java.lang.reflect.Method.invoke(Method.java:568) ~[na:na]
	at org.springframework.beans.factory.annotation.AutowiredAnnotationBeanPostProcessor$AutowiredMethodElement.inject(AutowiredAnnotationBeanPostProcessor.java:853) ~[spring-beans-6.2.14.jar:6.2.14]
	at org.springframework.beans.factory.annotation.InjectionMetadata.inject(InjectionMetadata.java:146) ~[spring-beans-6.2.14.jar:6.2.14]
	at org.springframework.beans.factory.annotation.AutowiredAnnotationBeanPostProcessor.postProcessProperties(AutowiredAnnotationBeanPostProcessor.java:509) ~[spring-beans-6.2.14.jar:6.2.14]
	... 19 common frames omitted
Caused by: org.springframework.beans.factory.BeanCreationException: Error creating bean with name 'mvcHandlerMappingIntrospectorRequestTransformer': Cannot resolve reference to bean 'mvcHandlerMappingIntrospector' while setting constructor argument
	at org.springframework.beans.factory.support.BeanDefinitionValueResolver.resolveReference(BeanDefinitionValueResolver.java:377) ~[spring-beans-6.2.14.jar:6.2.14]
	at org.springframework.beans.factory.support.BeanDefinitionValueResolver.resolveValueIfNecessary(BeanDefinitionValueResolver.java:135) ~[spring-beans-6.2.14.jar:6.2.14]
	at org.springframework.beans.factory.support.ConstructorResolver.resolveConstructorArguments(ConstructorResolver.java:691) ~[spring-beans-6.2.14.jar:6.2.14]
	at org.springframework.beans.factory.support.ConstructorResolver.autowireConstructor(ConstructorResolver.java:206) ~[spring-beans-6.2.14.jar:6.2.14]
	at org.springframework.beans.factory.support.AbstractAutowireCapableBeanFactory.autowireConstructor(AbstractAutowireCapableBeanFactory.java:1395) ~[spring-beans-6.2.14.jar:6.2.14]
	at org.springframework.beans.factory.support.AbstractAutowireCapableBeanFactory.createBeanInstance(AbstractAutowireCapableBeanFactory.java:1232) ~[spring-beans-6.2.14.jar:6.2.14]
	at org.springframework.beans.factory.support.AbstractAutowireCapableBeanFactory.doCreateBean(AbstractAutowireCapableBeanFactory.java:569) ~[spring-beans-6.2.14.jar:6.2.14]
	at org.springframework.beans.factory.support.AbstractAutowireCapableBeanFactory.createBean(AbstractAutowireCapableBeanFactory.java:529) ~[spring-beans-6.2.14.jar:6.2.14]
	at org.springframework.beans.factory.support.AbstractBeanFactory.lambda$doGetBean$0(AbstractBeanFactory.java:339) ~[spring-beans-6.2.14.jar:6.2.14]
	at org.springframework.beans.factory.support.DefaultSingletonBeanRegistry.getSingleton(DefaultSingletonBeanRegistry.java:373) ~[spring-beans-6.2.14.jar:6.2.14]
	at org.springframework.beans.factory.support.AbstractBeanFactory.doGetBean(AbstractBeanFactory.java:337) ~[spring-beans-6.2.14.jar:6.2.14]
	at org.springframework.beans.factory.support.AbstractBeanFactory.getBean(AbstractBeanFactory.java:227) ~[spring-beans-6.2.14.jar:6.2.14]
	at org.springframework.beans.factory.support.DefaultListableBeanFactory.resolveNamedBean(DefaultListableBeanFactory.java:1623) ~[spring-beans-6.2.14.jar:6.2.14]
	at org.springframework.beans.factory.support.DefaultListableBeanFactory.resolveNamedBean(DefaultListableBeanFactory.java:1581) ~[spring-beans-6.2.14.jar:6.2.14]
	at org.springframework.beans.factory.support.DefaultListableBeanFactory.resolveBean(DefaultListableBeanFactory.java:564) ~[spring-beans-6.2.14.jar:6.2.14]
	at org.springframework.beans.factory.support.DefaultListableBeanFactory$1.getIfUnique(DefaultListableBeanFactory.java:490) ~[spring-beans-6.2.14.jar:6.2.14]
	at org.springframework.security.config.annotation.web.builders.WebSecurity.setApplicationContext(WebSecurity.java:433) ~[spring-security-config-6.5.7.jar:6.5.7]
	at org.springframework.context.support.ApplicationContextAwareProcessor.invokeAwareInterfaces(ApplicationContextAwareProcessor.java:110) ~[spring-context-6.2.14.jar:6.2.14]
	at org.springframework.context.support.ApplicationContextAwareProcessor.postProcessBeforeInitialization(ApplicationContextAwareProcessor.java:85) ~[spring-context-6.2.14.jar:6.2.14]
	at org.springframework.beans.factory.support.AbstractAutowireCapableBeanFactory.applyBeanPostProcessorsBeforeInitialization(AbstractAutowireCapableBeanFactory.java:429) ~[spring-beans-6.2.14.jar:6.2.14]
	at org.springframework.beans.factory.support.AbstractAutowireCapableBeanFactory.initializeBean(AbstractAutowireCapableBeanFactory.java:1818) ~[spring-beans-6.2.14.jar:6.2.14]
	at org.springframework.beans.factory.support.AbstractAutowireCapableBeanFactory.initializeBean(AbstractAutowireCapableBeanFactory.java:419) ~[spring-beans-6.2.14.jar:6.2.14]
	at org.springframework.security.config.annotation.configuration.AutowireBeanFactoryObjectPostProcessor.initializeBeanIfNeeded(AutowireBeanFactoryObjectPostProcessor.java:98) ~[spring-security-config-6.5.7.jar:6.5.7]
	at org.springframework.security.config.annotation.configuration.AutowireBeanFactoryObjectPostProcessor.postProcess(AutowireBeanFactoryObjectPostProcessor.java:67) ~[spring-security-config-6.5.7.jar:6.5.7]
	... 27 common frames omitted
Caused by: org.springframework.beans.factory.BeanCreationException: Error creating bean with name 'mvcHandlerMappingIntrospector' defined in class path resource [org/springframework/boot/autoconfigure/web/servlet/WebMvcAutoConfiguration$EnableWebMvcConfiguration.class]: Error creating bean with name 'requestMappingHandlerMapping' defined in class path resource [org/springframework/boot/autoconfigure/web/servlet/WebMvcAutoConfiguration$EnableWebMvcConfiguration.class]: Ambiguous mapping. Cannot map 'testController' method 
com.nkoder.expense_tracker.controller.TestController#admin2()
to {GET [/admin]}: There is already 'testController' bean method
com.nkoder.expense_tracker.controller.TestController#admin() mapped.
	at org.springframework.beans.factory.support.AbstractAutowireCapableBeanFactory.initializeBean(AbstractAutowireCapableBeanFactory.java:1826) ~[spring-beans-6.2.14.jar:6.2.14]
	at org.springframework.beans.factory.support.AbstractAutowireCapableBeanFactory.doCreateBean(AbstractAutowireCapableBeanFactory.java:607) ~[spring-beans-6.2.14.jar:6.2.14]
	at org.springframework.beans.factory.support.AbstractAutowireCapableBeanFactory.createBean(AbstractAutowireCapableBeanFactory.java:529) ~[spring-beans-6.2.14.jar:6.2.14]
	at org.springframework.beans.factory.support.AbstractBeanFactory.lambda$doGetBean$0(AbstractBeanFactory.java:339) ~[spring-beans-6.2.14.jar:6.2.14]
	at org.springframework.beans.factory.support.DefaultSingletonBeanRegistry.getSingleton(DefaultSingletonBeanRegistry.java:373) ~[spring-beans-6.2.14.jar:6.2.14]
	at org.springframework.beans.factory.support.AbstractBeanFactory.doGetBean(AbstractBeanFactory.java:337) ~[spring-beans-6.2.14.jar:6.2.14]
	at org.springframework.beans.factory.support.AbstractBeanFactory.getBean(AbstractBeanFactory.java:202) ~[spring-beans-6.2.14.jar:6.2.14]
	at org.springframework.beans.factory.support.BeanDefinitionValueResolver.resolveReference(BeanDefinitionValueResolver.java:365) ~[spring-beans-6.2.14.jar:6.2.14]
	... 50 common frames omitted
Caused by: org.springframework.beans.factory.BeanCreationException: Error creating bean with name 'requestMappingHandlerMapping' defined in class path resource [org/springframework/boot/autoconfigure/web/servlet/WebMvcAutoConfiguration$EnableWebMvcConfiguration.class]: Ambiguous mapping. Cannot map 'testController' method 
com.nkoder.expense_tracker.controller.TestController#admin2()
to {GET [/admin]}: There is already 'testController' bean method
com.nkoder.expense_tracker.controller.TestController#admin() mapped.
	at org.springframework.beans.factory.support.AbstractAutowireCapableBeanFactory.initializeBean(AbstractAutowireCapableBeanFactory.java:1826) ~[spring-beans-6.2.14.jar:6.2.14]
	at org.springframework.beans.factory.support.AbstractAutowireCapableBeanFactory.doCreateBean(AbstractAutowireCapableBeanFactory.java:607) ~[spring-beans-6.2.14.jar:6.2.14]
	at org.springframework.beans.factory.support.AbstractAutowireCapableBeanFactory.createBean(AbstractAutowireCapableBeanFactory.java:529) ~[spring-beans-6.2.14.jar:6.2.14]
	at org.springframework.beans.factory.support.AbstractBeanFactory.lambda$doGetBean$0(AbstractBeanFactory.java:339) ~[spring-beans-6.2.14.jar:6.2.14]
	at org.springframework.beans.factory.support.DefaultSingletonBeanRegistry.getSingleton(DefaultSingletonBeanRegistry.java:373) ~[spring-beans-6.2.14.jar:6.2.14]
	at org.springframework.beans.factory.support.AbstractBeanFactory.doGetBean(AbstractBeanFactory.java:337) ~[spring-beans-6.2.14.jar:6.2.14]
	at org.springframework.beans.factory.support.AbstractBeanFactory.getBean(AbstractBeanFactory.java:202) ~[spring-beans-6.2.14.jar:6.2.14]
	at org.springframework.beans.factory.support.DefaultListableBeanFactory.getBeansOfType(DefaultListableBeanFactory.java:748) ~[spring-beans-6.2.14.jar:6.2.14]
	at org.springframework.context.support.AbstractApplicationContext.getBeansOfType(AbstractApplicationContext.java:1429) ~[spring-context-6.2.14.jar:6.2.14]
	at org.springframework.beans.factory.BeanFactoryUtils.beansOfTypeIncludingAncestors(BeanFactoryUtils.java:372) ~[spring-beans-6.2.14.jar:6.2.14]
	at org.springframework.web.servlet.handler.HandlerMappingIntrospector.initHandlerMappings(HandlerMappingIntrospector.java:159) ~[spring-webmvc-6.2.14.jar:6.2.14]
	at org.springframework.web.servlet.handler.HandlerMappingIntrospector.afterPropertiesSet(HandlerMappingIntrospector.java:146) ~[spring-webmvc-6.2.14.jar:6.2.14]
	at org.springframework.beans.factory.support.AbstractAutowireCapableBeanFactory.invokeInitMethods(AbstractAutowireCapableBeanFactory.java:1873) ~[spring-beans-6.2.14.jar:6.2.14]
	at org.springframework.beans.factory.support.AbstractAutowireCapableBeanFactory.initializeBean(AbstractAutowireCapableBeanFactory.java:1822) ~[spring-beans-6.2.14.jar:6.2.14]
	... 57 common frames omitted
Caused by: java.lang.IllegalStateException: Ambiguous mapping. Cannot map 'testController' method 
com.nkoder.expense_tracker.controller.TestController#admin2()
to {GET [/admin]}: There is already 'testController' bean method
com.nkoder.expense_tracker.controller.TestController#admin() mapped.
	at org.springframework.web.servlet.handler.AbstractHandlerMethodMapping$MappingRegistry.validateMethodMapping(AbstractHandlerMethodMapping.java:676) ~[spring-webmvc-6.2.14.jar:6.2.14]
	at org.springframework.web.servlet.handler.AbstractHandlerMethodMapping$MappingRegistry.register(AbstractHandlerMethodMapping.java:637) ~[spring-webmvc-6.2.14.jar:6.2.14]
	at org.springframework.web.servlet.handler.AbstractHandlerMethodMapping.registerHandlerMethod(AbstractHandlerMethodMapping.java:331) ~[spring-webmvc-6.2.14.jar:6.2.14]
	at org.springframework.web.servlet.mvc.method.annotation.RequestMappingHandlerMapping.registerHandlerMethod(RequestMappingHandlerMapping.java:507) ~[spring-webmvc-6.2.14.jar:6.2.14]
	at org.springframework.web.servlet.mvc.method.annotation.RequestMappingHandlerMapping.registerHandlerMethod(RequestMappingHandlerMapping.java:84) ~[spring-webmvc-6.2.14.jar:6.2.14]
	at org.springframework.web.servlet.handler.AbstractHandlerMethodMapping.lambda$detectHandlerMethods$2(AbstractHandlerMethodMapping.java:298) ~[spring-webmvc-6.2.14.jar:6.2.14]
	at java.base/java.util.LinkedHashMap.forEach(LinkedHashMap.java:721) ~[na:na]
	at org.springframework.web.servlet.handler.AbstractHandlerMethodMapping.detectHandlerMethods(AbstractHandlerMethodMapping.java:296) ~[spring-webmvc-6.2.14.jar:6.2.14]
	at org.springframework.web.servlet.handler.AbstractHandlerMethodMapping.processCandidateBean(AbstractHandlerMethodMapping.java:265) ~[spring-webmvc-6.2.14.jar:6.2.14]
	at org.springframework.web.servlet.handler.AbstractHandlerMethodMapping.initHandlerMethods(AbstractHandlerMethodMapping.java:224) ~[spring-webmvc-6.2.14.jar:6.2.14]
	at org.springframework.web.servlet.handler.AbstractHandlerMethodMapping.afterPropertiesSet(AbstractHandlerMethodMapping.java:212) ~[spring-webmvc-6.2.14.jar:6.2.14]
	at org.springframework.web.servlet.mvc.method.annotation.RequestMappingHandlerMapping.afterPropertiesSet(RequestMappingHandlerMapping.java:237) ~[spring-webmvc-6.2.14.jar:6.2.14]
	at org.springframework.beans.factory.support.AbstractAutowireCapableBeanFactory.invokeInitMethods(AbstractAutowireCapableBeanFactory.java:1873) ~[spring-beans-6.2.14.jar:6.2.14]
	at org.springframework.beans.factory.support.AbstractAutowireCapableBeanFactory.initializeBean(AbstractAutowireCapableBeanFactory.java:1822) ~[spring-beans-6.2.14.jar:6.2.14]
	... 70 common frames omitted

2026-01-04T11:46:23.215+05:30  INFO 7412 --- [main] c.n.e.ExpenseTrackerApplication          : Starting ExpenseTrackerApplication using Java 17.0.12 with PID 7412 (D:\expense-tracker\target\classes started by admin in D:\expense-tracker)
2026-01-04T11:46:23.220+05:30  INFO 7412 --- [main] c.n.e.ExpenseTrackerApplication          : No active profile set, falling back to 1 default profile: "default"
2026-01-04T11:46:24.454+05:30  INFO 7412 --- [main] .s.d.r.c.RepositoryConfigurationDelegate : Bootstrapping Spring Data JPA repositories in DEFAULT mode.
2026-01-04T11:46:24.557+05:30  INFO 7412 --- [main] .s.d.r.c.RepositoryConfigurationDelegate : Finished Spring Data repository scanning in 81 ms. Found 2 JPA repository interfaces.
2026-01-04T11:46:25.597+05:30  INFO 7412 --- [main] o.s.b.w.embedded.tomcat.TomcatWebServer  : Tomcat initialized with port 8080 (http)
2026-01-04T11:46:25.611+05:30  INFO 7412 --- [main] o.apache.catalina.core.StandardService   : Starting service [Tomcat]
2026-01-04T11:46:25.611+05:30  INFO 7412 --- [main] o.apache.catalina.core.StandardEngine    : Starting Servlet engine: [Apache Tomcat/10.1.49]
2026-01-04T11:46:25.688+05:30  INFO 7412 --- [main] o.a.c.c.C.[Tomcat].[localhost].[/]       : Initializing Spring embedded WebApplicationContext
2026-01-04T11:46:25.689+05:30  INFO 7412 --- [main] w.s.c.ServletWebServerApplicationContext : Root WebApplicationContext: initialization completed in 2359 ms
2026-01-04T11:46:25.999+05:30  INFO 7412 --- [main] o.hibernate.jpa.internal.util.LogHelper  : HHH000204: Processing PersistenceUnitInfo [name: default]
2026-01-04T11:46:26.066+05:30  INFO 7412 --- [main] org.hibernate.Version                    : HHH000412: Hibernate ORM core version 6.6.36.Final
2026-01-04T11:46:26.116+05:30  INFO 7412 --- [main] o.h.c.internal.RegionFactoryInitiator    : HHH000026: Second-level cache disabled
2026-01-04T11:46:26.496+05:30  INFO 7412 --- [main] o.s.o.j.p.SpringPersistenceUnitInfo      : No LoadTimeWeaver setup: ignoring JPA class transformer
2026-01-04T11:46:26.540+05:30  INFO 7412 --- [main] com.zaxxer.hikari.HikariDataSource       : HikariPool-1 - Starting...
2026-01-04T11:46:26.880+05:30  INFO 7412 --- [main] com.zaxxer.hikari.pool.HikariPool        : HikariPool-1 - Added connection com.mysql.cj.jdbc.ConnectionImpl@51869ad6
2026-01-04T11:46:26.882+05:30  INFO 7412 --- [main] com.zaxxer.hikari.HikariDataSource       : HikariPool-1 - Start completed.
2026-01-04T11:46:26.930+05:30  WARN 7412 --- [main] org.hibernate.dialect.Dialect            : HHH000511: The 5.7.44 version for [org.hibernate.dialect.MySQLDialect] is no longer supported, hence certain features may not work properly. The minimum supported version is 8.0.0. Check the community dialects project for available legacy versions.
2026-01-04T11:46:26.935+05:30  WARN 7412 --- [main] org.hibernate.orm.deprecation            : HHH90000025: MySQLDialect does not need to be specified explicitly using 'hibernate.dialect' (remove the property setting and it will be selected by default)
2026-01-04T11:46:26.976+05:30  INFO 7412 --- [main] org.hibernate.orm.connections.pooling    : HHH10001005: Database info:
	Database JDBC URL [Connecting through datasource 'HikariDataSource (HikariPool-1)']
	Database driver: undefined/unknown
	Database version: 5.7.44
	Autocommit mode: undefined/unknown
	Isolation level: undefined/unknown
	Minimum pool size: undefined/unknown
	Maximum pool size: undefined/unknown
2026-01-04T11:46:28.042+05:30  INFO 7412 --- [main] o.h.e.t.j.p.i.JtaPlatformInitiator       : HHH000489: No JTA platform available (set 'hibernate.transaction.jta.platform' to enable JTA platform integration)
2026-01-04T11:46:28.106+05:30  INFO 7412 --- [main] j.LocalContainerEntityManagerFactoryBean : Initialized JPA EntityManagerFactory for persistence unit 'default'
2026-01-04T11:46:28.672+05:30  INFO 7412 --- [main] r$InitializeUserDetailsManagerConfigurer : Global AuthenticationManager configured with UserDetailsService bean with name customUserDetailsService
2026-01-04T11:46:28.852+05:30  WARN 7412 --- [main] JpaBaseConfiguration$JpaWebConfiguration : spring.jpa.open-in-view is enabled by default. Therefore, database queries may be performed during view rendering. Explicitly configure spring.jpa.open-in-view to disable this warning
2026-01-04T11:46:29.636+05:30  INFO 7412 --- [main] o.s.b.w.embedded.tomcat.TomcatWebServer  : Tomcat started on port 8080 (http) with context path '/'
2026-01-04T11:46:29.644+05:30  INFO 7412 --- [main] c.n.e.ExpenseTrackerApplication          : Started ExpenseTrackerApplication in 7.337 seconds (process running for 7.897)
2026-01-04T11:48:18.350+05:30  INFO 7412 --- [http-nio-8080-exec-1] o.a.c.c.C.[Tomcat].[localhost].[/]       : Initializing Spring DispatcherServlet 'dispatcherServlet'
2026-01-04T11:48:18.351+05:30  INFO 7412 --- [http-nio-8080-exec-1] o.s.web.servlet.DispatcherServlet        : Initializing Servlet 'dispatcherServlet'
2026-01-04T11:48:18.353+05:30  INFO 7412 --- [http-nio-8080-exec-1] o.s.web.servlet.DispatcherServlet        : Completed initialization in 2 ms
2026-01-04T11:56:04.920+05:30  INFO 7412 --- [SpringApplicationShutdownHook] o.s.b.w.e.tomcat.GracefulShutdown        : Commencing graceful shutdown. Waiting for active requests to complete
2026-01-04T11:56:05.010+05:30  INFO 7412 --- [tomcat-shutdown] o.s.b.w.e.tomcat.GracefulShutdown        : Graceful shutdown complete
2026-01-04T11:56:05.153+05:30  INFO 7412 --- [SpringApplicationShutdownHook] j.LocalContainerEntityManagerFactoryBean : Closing JPA EntityManagerFactory for persistence unit 'default'
2026-01-04T11:56:05.229+05:30  INFO 7412 --- [SpringApplicationShutdownHook] com.zaxxer.hikari.HikariDataSource       : HikariPool-1 - Shutdown initiated...
2026-01-04T11:56:05.649+05:30  INFO 7412 --- [SpringApplicationShutdownHook] com.zaxxer.hikari.HikariDataSource       : HikariPool-1 - Shutdown completed.
2026-01-04T11:56:13.288+05:30  INFO 13584 --- [main] c.n.e.ExpenseTrackerApplication          : Starting ExpenseTrackerApplication using Java 17.0.12 with PID 13584 (D:\expense-tracker\target\classes started by admin in D:\expense-tracker)
2026-01-04T11:56:13.293+05:30  INFO 13584 --- [main] c.n.e.ExpenseTrackerApplication          : No active profile set, falling back to 1 default profile: "default"
2026-01-04T11:56:14.659+05:30  INFO 13584 --- [main] .s.d.r.c.RepositoryConfigurationDelegate : Bootstrapping Spring Data JPA repositories in DEFAULT mode.
2026-01-04T11:56:14.750+05:30  INFO 13584 --- [main] .s.d.r.c.RepositoryConfigurationDelegate : Finished Spring Data repository scanning in 80 ms. Found 2 JPA repository interfaces.
2026-01-04T11:56:15.867+05:30  INFO 13584 --- [main] o.s.b.w.embedded.tomcat.TomcatWebServer  : Tomcat initialized with port 8080 (http)
2026-01-04T11:56:15.892+05:30  INFO 13584 --- [main] o.apache.catalina.core.StandardService   : Starting service [Tomcat]
2026-01-04T11:56:15.892+05:30  INFO 13584 --- [main] o.apache.catalina.core.StandardEngine    : Starting Servlet engine: [Apache Tomcat/10.1.49]
2026-01-04T11:56:15.990+05:30  INFO 13584 --- [main] o.a.c.c.C.[Tomcat].[localhost].[/]       : Initializing Spring embedded WebApplicationContext
2026-01-04T11:56:15.991+05:30  INFO 13584 --- [main] w.s.c.ServletWebServerApplicationContext : Root WebApplicationContext: initialization completed in 2611 ms
2026-01-04T11:56:16.447+05:30  INFO 13584 --- [main] o.hibernate.jpa.internal.util.LogHelper  : HHH000204: Processing PersistenceUnitInfo [name: default]
2026-01-04T11:56:16.550+05:30  INFO 13584 --- [main] org.hibernate.Version                    : HHH000412: Hibernate ORM core version 6.6.36.Final
2026-01-04T11:56:16.611+05:30  INFO 13584 --- [main] o.h.c.internal.RegionFactoryInitiator    : HHH000026: Second-level cache disabled
2026-01-04T11:56:17.116+05:30  INFO 13584 --- [main] o.s.o.j.p.SpringPersistenceUnitInfo      : No LoadTimeWeaver setup: ignoring JPA class transformer
2026-01-04T11:56:17.161+05:30  INFO 13584 --- [main] com.zaxxer.hikari.HikariDataSource       : HikariPool-1 - Starting...
2026-01-04T11:56:17.601+05:30  INFO 13584 --- [main] com.zaxxer.hikari.pool.HikariPool        : HikariPool-1 - Added connection com.mysql.cj.jdbc.ConnectionImpl@77f4038c
2026-01-04T11:56:17.605+05:30  INFO 13584 --- [main] com.zaxxer.hikari.HikariDataSource       : HikariPool-1 - Start completed.
2026-01-04T11:56:17.666+05:30  WARN 13584 --- [main] org.hibernate.dialect.Dialect            : HHH000511: The 5.7.44 version for [org.hibernate.dialect.MySQLDialect] is no longer supported, hence certain features may not work properly. The minimum supported version is 8.0.0. Check the community dialects project for available legacy versions.
2026-01-04T11:56:17.673+05:30  WARN 13584 --- [main] org.hibernate.orm.deprecation            : HHH90000025: MySQLDialect does not need to be specified explicitly using 'hibernate.dialect' (remove the property setting and it will be selected by default)
2026-01-04T11:56:17.703+05:30  INFO 13584 --- [main] org.hibernate.orm.connections.pooling    : HHH10001005: Database info:
	Database JDBC URL [Connecting through datasource 'HikariDataSource (HikariPool-1)']
	Database driver: undefined/unknown
	Database version: 5.7.44
	Autocommit mode: undefined/unknown
	Isolation level: undefined/unknown
	Minimum pool size: undefined/unknown
	Maximum pool size: undefined/unknown
2026-01-04T11:56:18.863+05:30  INFO 13584 --- [main] o.h.e.t.j.p.i.JtaPlatformInitiator       : HHH000489: No JTA platform available (set 'hibernate.transaction.jta.platform' to enable JTA platform integration)
2026-01-04T11:56:18.937+05:30  INFO 13584 --- [main] j.LocalContainerEntityManagerFactoryBean : Initialized JPA EntityManagerFactory for persistence unit 'default'
2026-01-04T11:56:19.636+05:30  INFO 13584 --- [main] r$InitializeUserDetailsManagerConfigurer : Global AuthenticationManager configured with UserDetailsService bean with name customUserDetailsService
2026-01-04T11:56:19.867+05:30  WARN 13584 --- [main] JpaBaseConfiguration$JpaWebConfiguration : spring.jpa.open-in-view is enabled by default. Therefore, database queries may be performed during view rendering. Explicitly configure spring.jpa.open-in-view to disable this warning
2026-01-04T11:56:21.264+05:30  INFO 13584 --- [main] o.s.b.w.embedded.tomcat.TomcatWebServer  : Tomcat started on port 8080 (http) with context path '/'
2026-01-04T11:56:21.277+05:30  INFO 13584 --- [main] c.n.e.ExpenseTrackerApplication          : Started ExpenseTrackerApplication in 9.187 seconds (process running for 9.869)
2026-01-04T11:56:25.005+05:30  INFO 13584 --- [http-nio-8080-exec-1] o.a.c.c.C.[Tomcat].[localhost].[/]       : Initializing Spring DispatcherServlet 'dispatcherServlet'
2026-01-04T11:56:25.006+05:30  INFO 13584 --- [http-nio-8080-exec-1] o.s.web.servlet.DispatcherServlet        : Initializing Servlet 'dispatcherServlet'
2026-01-04T11:56:25.009+05:30  INFO 13584 --- [http-nio-8080-exec-1] o.s.web.servlet.DispatcherServlet        : Completed initialization in 2 ms
2026-01-04T11:57:08.730+05:30  INFO 13584 --- [http-nio-8080-exec-5] c.n.e.aspect.LoggingAspect               : Entering AuthController.login(..)
2026-01-04T11:57:09.126+05:30  INFO 13584 --- [http-nio-8080-exec-5] c.n.e.aspect.LoggingAspect               : Exiting AuthController.login(..) successfully
2026-01-04T11:57:09.127+05:30  INFO 13584 --- [http-nio-8080-exec-5] c.n.e.aspect.LoggingAspect               : AuthController.login(..) executed in 398 ms
2026-01-04T11:57:15.981+05:30  INFO 13584 --- [http-nio-8080-exec-7] c.n.e.aspect.LoggingAspect               : Entering AuthController.login(..)
2026-01-04T11:57:16.053+05:30  INFO 13584 --- [http-nio-8080-exec-7] c.n.e.aspect.LoggingAspect               : Exiting AuthController.login(..) successfully
2026-01-04T11:57:16.054+05:30  INFO 13584 --- [http-nio-8080-exec-7] c.n.e.aspect.LoggingAspect               : AuthController.login(..) executed in 73 ms
2026-01-04T11:57:27.579+05:30  INFO 13584 --- [http-nio-8080-exec-2] c.n.e.aspect.LoggingAspect               : Entering AuthController.login(..)
2026-01-04T11:57:27.653+05:30  INFO 13584 --- [http-nio-8080-exec-2] c.n.e.aspect.LoggingAspect               : Exiting AuthController.login(..) successfully
2026-01-04T11:57:27.653+05:30  INFO 13584 --- [http-nio-8080-exec-2] c.n.e.aspect.LoggingAspect               : AuthController.login(..) executed in 74 ms
2026-01-04T11:58:30.924+05:30  INFO 13584 --- [http-nio-8080-exec-10] c.n.e.aspect.LoggingAspect               : Entering AuthController.login(..)
2026-01-04T11:58:30.995+05:30  INFO 13584 --- [http-nio-8080-exec-10] c.n.e.aspect.LoggingAspect               : Exiting AuthController.login(..) successfully
2026-01-04T11:58:30.995+05:30  INFO 13584 --- [http-nio-8080-exec-10] c.n.e.aspect.LoggingAspect               : AuthController.login(..) executed in 71 ms
2026-01-04T12:01:39.787+05:30  INFO 13584 --- [http-nio-8080-exec-3] c.n.e.aspect.LoggingAspect               : Entering AuthController.login(..)
2026-01-04T12:01:39.858+05:30  INFO 13584 --- [http-nio-8080-exec-3] c.n.e.aspect.LoggingAspect               : Exiting AuthController.login(..) successfully
2026-01-04T12:01:39.858+05:30  INFO 13584 --- [http-nio-8080-exec-3] c.n.e.aspect.LoggingAspect               : AuthController.login(..) executed in 71 ms
2026-01-04T12:06:23.492+05:30  INFO 13584 --- [SpringApplicationShutdownHook] o.s.b.w.e.tomcat.GracefulShutdown        : Commencing graceful shutdown. Waiting for active requests to complete
2026-01-04T12:06:23.570+05:30  INFO 13584 --- [tomcat-shutdown] o.s.b.w.e.tomcat.GracefulShutdown        : Graceful shutdown complete
2026-01-04T12:06:23.574+05:30  INFO 13584 --- [SpringApplicationShutdownHook] j.LocalContainerEntityManagerFactoryBean : Closing JPA EntityManagerFactory for persistence unit 'default'
2026-01-04T12:06:23.589+05:30  INFO 13584 --- [SpringApplicationShutdownHook] com.zaxxer.hikari.HikariDataSource       : HikariPool-1 - Shutdown initiated...
2026-01-04T12:06:23.596+05:30  INFO 13584 --- [SpringApplicationShutdownHook] com.zaxxer.hikari.HikariDataSource       : HikariPool-1 - Shutdown completed.
2026-01-04T12:06:32.418+05:30  INFO 11232 --- [main] c.n.e.ExpenseTrackerApplication          : Starting ExpenseTrackerApplication using Java 17.0.12 with PID 11232 (D:\expense-tracker\target\classes started by admin in D:\expense-tracker)
2026-01-04T12:06:32.422+05:30  INFO 11232 --- [main] c.n.e.ExpenseTrackerApplication          : No active profile set, falling back to 1 default profile: "default"
2026-01-04T12:06:33.472+05:30  INFO 11232 --- [main] .s.d.r.c.RepositoryConfigurationDelegate : Bootstrapping Spring Data JPA repositories in DEFAULT mode.
2026-01-04T12:06:33.575+05:30  INFO 11232 --- [main] .s.d.r.c.RepositoryConfigurationDelegate : Finished Spring Data repository scanning in 91 ms. Found 2 JPA repository interfaces.
2026-01-04T12:06:34.609+05:30  INFO 11232 --- [main] o.s.b.w.embedded.tomcat.TomcatWebServer  : Tomcat initialized with port 8080 (http)
2026-01-04T12:06:34.631+05:30  INFO 11232 --- [main] o.apache.catalina.core.StandardService   : Starting service [Tomcat]
2026-01-04T12:06:34.632+05:30  INFO 11232 --- [main] o.apache.catalina.core.StandardEngine    : Starting Servlet engine: [Apache Tomcat/10.1.49]
2026-01-04T12:06:34.726+05:30  INFO 11232 --- [main] o.a.c.c.C.[Tomcat].[localhost].[/]       : Initializing Spring embedded WebApplicationContext
2026-01-04T12:06:34.727+05:30  INFO 11232 --- [main] w.s.c.ServletWebServerApplicationContext : Root WebApplicationContext: initialization completed in 2221 ms
2026-01-04T12:06:35.003+05:30  INFO 11232 --- [main] o.hibernate.jpa.internal.util.LogHelper  : HHH000204: Processing PersistenceUnitInfo [name: default]
2026-01-04T12:06:35.072+05:30  INFO 11232 --- [main] org.hibernate.Version                    : HHH000412: Hibernate ORM core version 6.6.36.Final
2026-01-04T12:06:35.122+05:30  INFO 11232 --- [main] o.h.c.internal.RegionFactoryInitiator    : HHH000026: Second-level cache disabled
2026-01-04T12:06:35.490+05:30  INFO 11232 --- [main] o.s.o.j.p.SpringPersistenceUnitInfo      : No LoadTimeWeaver setup: ignoring JPA class transformer
2026-01-04T12:06:35.526+05:30  INFO 11232 --- [main] com.zaxxer.hikari.HikariDataSource       : HikariPool-1 - Starting...
2026-01-04T12:06:35.888+05:30  INFO 11232 --- [main] com.zaxxer.hikari.pool.HikariPool        : HikariPool-1 - Added connection com.mysql.cj.jdbc.ConnectionImpl@1a06602f
2026-01-04T12:06:35.890+05:30  INFO 11232 --- [main] com.zaxxer.hikari.HikariDataSource       : HikariPool-1 - Start completed.
2026-01-04T12:06:35.934+05:30  WARN 11232 --- [main] org.hibernate.dialect.Dialect            : HHH000511: The 5.7.44 version for [org.hibernate.dialect.MySQLDialect] is no longer supported, hence certain features may not work properly. The minimum supported version is 8.0.0. Check the community dialects project for available legacy versions.
2026-01-04T12:06:35.940+05:30  WARN 11232 --- [main] org.hibernate.orm.deprecation            : HHH90000025: MySQLDialect does not need to be specified explicitly using 'hibernate.dialect' (remove the property setting and it will be selected by default)
2026-01-04T12:06:35.980+05:30  INFO 11232 --- [main] org.hibernate.orm.connections.pooling    : HHH10001005: Database info:
	Database JDBC URL [Connecting through datasource 'HikariDataSource (HikariPool-1)']
	Database driver: undefined/unknown
	Database version: 5.7.44
	Autocommit mode: undefined/unknown
	Isolation level: undefined/unknown
	Minimum pool size: undefined/unknown
	Maximum pool size: undefined/unknown
2026-01-04T12:06:37.054+05:30  INFO 11232 --- [main] o.h.e.t.j.p.i.JtaPlatformInitiator       : HHH000489: No JTA platform available (set 'hibernate.transaction.jta.platform' to enable JTA platform integration)
2026-01-04T12:06:37.114+05:30  INFO 11232 --- [main] j.LocalContainerEntityManagerFactoryBean : Initialized JPA EntityManagerFactory for persistence unit 'default'
2026-01-04T12:06:37.820+05:30  INFO 11232 --- [main] r$InitializeUserDetailsManagerConfigurer : Global AuthenticationManager configured with UserDetailsService bean with name customUserDetailsService
2026-01-04T12:06:38.041+05:30  WARN 11232 --- [main] JpaBaseConfiguration$JpaWebConfiguration : spring.jpa.open-in-view is enabled by default. Therefore, database queries may be performed during view rendering. Explicitly configure spring.jpa.open-in-view to disable this warning
2026-01-04T12:06:38.977+05:30  INFO 11232 --- [main] o.s.b.w.embedded.tomcat.TomcatWebServer  : Tomcat started on port 8080 (http) with context path '/'
2026-01-04T12:06:38.990+05:30  INFO 11232 --- [main] c.n.e.ExpenseTrackerApplication          : Started ExpenseTrackerApplication in 7.407 seconds (process running for 7.911)
2026-01-04T12:06:55.929+05:30  INFO 11232 --- [http-nio-8080-exec-2] o.a.c.c.C.[Tomcat].[localhost].[/]       : Initializing Spring DispatcherServlet 'dispatcherServlet'
2026-01-04T12:06:55.930+05:30  INFO 11232 --- [http-nio-8080-exec-2] o.s.web.servlet.DispatcherServlet        : Initializing Servlet 'dispatcherServlet'
2026-01-04T12:06:55.932+05:30  INFO 11232 --- [http-nio-8080-exec-2] o.s.web.servlet.DispatcherServlet        : Completed initialization in 2 ms
2026-01-04T12:06:56.162+05:30  INFO 11232 --- [http-nio-8080-exec-2] c.n.e.aspect.LoggingAspect               : Entering AuthController.login(..)
2026-01-04T12:06:56.578+05:30  INFO 11232 --- [http-nio-8080-exec-2] c.n.e.aspect.LoggingAspect               : Exiting AuthController.login(..) successfully
2026-01-04T12:06:56.579+05:30  INFO 11232 --- [http-nio-8080-exec-2] c.n.e.aspect.LoggingAspect               : AuthController.login(..) executed in 418 ms
2026-01-04T12:07:21.244+05:30  INFO 11232 --- [http-nio-8080-exec-5] c.n.e.aspect.LoggingAspect               : Entering ExpenseController.getAllExpenses()
2026-01-04T12:07:21.245+05:30  INFO 11232 --- [http-nio-8080-exec-5] c.n.e.aspect.LoggingAspect               : Entering ExpenseServiceImpl.getExpensesForUser(..)
2026-01-04T12:07:21.265+05:30  INFO 11232 --- [http-nio-8080-exec-5] c.n.e.aspect.LoggingAspect               : Exiting ExpenseServiceImpl.getExpensesForUser(..) successfully
2026-01-04T12:07:21.265+05:30  INFO 11232 --- [http-nio-8080-exec-5] c.n.e.aspect.LoggingAspect               : ExpenseServiceImpl.getExpensesForUser(..) executed in 20 ms
2026-01-04T12:07:21.265+05:30  INFO 11232 --- [http-nio-8080-exec-5] c.n.e.aspect.LoggingAspect               : Exiting ExpenseController.getAllExpenses() successfully
2026-01-04T12:07:21.265+05:30  INFO 11232 --- [http-nio-8080-exec-5] c.n.e.aspect.LoggingAspect               : ExpenseController.getAllExpenses() executed in 21 ms
2026-01-04T21:16:26.964+05:30  WARN 11232 --- [HikariPool-1:housekeeper] com.zaxxer.hikari.pool.HikariPool        : HikariPool-1 - Thread starvation or clock leap detected (housekeeper delta=6h15m45s115ms394s100ns).
2026-01-04T21:17:26.156+05:30  WARN 11232 --- [HikariPool-1:housekeeper] com.zaxxer.hikari.pool.HikariPool        : HikariPool-1 - Thread starvation or clock leap detected (housekeeper delta=1m1s975ms234s200ns).
